<?xml version="1.0" encoding="UTF-8"?>
<testsuite xmlns:xsi="http://www.w3.org/2001/XMLSchema-instance" xsi:noNamespaceSchemaLocation="https://maven.apache.org/surefire/maven-surefire-plugin/xsd/surefire-test-report-3.0.xsd" version="3.0" name="coen448.computablefuture.test.AsyncProcessorTest" time="0.349" tests="9" errors="0" skipped="0" failures="0">
  <properties>
[...]
</properties>
  <testcase name="failPartial_shouldReturnOnlySuccessfulResults" classname="coen448.computablefuture.test.AsyncProcessorTest" time="0.061"/>
  <testcase name="failFast_shouldPropagateException" classname="coen448.computablefuture.test.AsyncProcessorTest" time="0.019"/>
  <testcase name="failSoft_shouldUseFallbackValue" classname="coen448.computablefuture.test.AsyncProcessorTest" time="0.014"/>
  <testcase name="nondeterminism_shouldObserveDifferentCompletionOrders" classname="coen448.computablefuture.test.AsyncProcessorTest" time="0.037">
    <system-out><![CDATA[Completion order: [C:MSG, A:MSG, B:MSG]
]]></system-out>
  </testcase>
  <testcase name="nondeterminism_shouldObserveDifferentCompletionOrders" classname="coen448.computablefuture.test.AsyncProcessorTest" time="0.026">
    <system-out><![CDATA[Completion order: [B:MSG, C:MSG, A:MSG]
]]></system-out>
  </testcase>
  <testcase name="nondeterminism_shouldObserveDifferentCompletionOrders" classname="coen448.computablefuture.test.AsyncProcessorTest" time="0.027">
    <system-out><![CDATA[Completion order: [B:MSG, A:MSG, C:MSG]
]]></system-out>
  </testcase>
  <testcase name="nondeterminism_shouldObserveDifferentCompletionOrders" classname="coen448.computablefuture.test.AsyncProcessorTest" time="0.023">
    <system-out><![CDATA[Completion order: [A:MSG, C:MSG, B:MSG]
]]></system-out>
  </testcase>
  <testcase name="nondeterminism_shouldObserveDifferentCompletionOrders" classname="coen448.computablefuture.test.AsyncProcessorTest" time="0.034">
    <system-out><![CDATA[Completion order: [C:MSG, A:MSG, B:MSG]
]]></system-out>
  </testcase>
  <testcase name="liveness_shouldCompleteWithinTimeout" classname="coen448.computablefuture.test.AsyncProcessorTest" time="0.069"/>
</testsuite>